<?xml version="1.0" encoding="UTF-8"?>
<!-- Generated by org.testng.reporters.JUnitReportReporter -->
<testsuite hostname="delmjai3046840" name="com.Maven.noJenkins.helloMaven" tests="1" failures="0" timestamp="3 Jun 2017 16:22:43 GMT" time="11.307" errors="0">
  <testcase name="f" time="11.307" classname="com.Maven.noJenkins.helloMaven"/>
</testsuite>
